[0m01:13:46.851902 [debug] [MainThread]: Sending event: {'category': 'dbt', 'action': 'invocation', 'label': 'start', 'context': [<snowplow_tracker.self_describing_json.SelfDescribingJson object at 0x000001D25882EB40>, <snowplow_tracker.self_describing_json.SelfDescribingJson object at 0x000001D259375D30>, <snowplow_tracker.self_describing_json.SelfDescribingJson object at 0x000001D25989CBF0>]}
[0m01:13:46.864902 [debug] [MainThread]: An error was encountered while trying to send an event


============================== 01:13:46.864902 | da571a55-fde5-4b5d-b1c8-12771dd524c6 ==============================
[0m01:13:46.864902 [info ] [MainThread]: Running with dbt=1.9.5
[0m01:13:46.865902 [debug] [MainThread]: running dbt with arguments {'printer_width': '80', 'indirect_selection': 'eager', 'write_json': 'True', 'log_cache_events': 'False', 'partial_parse': 'True', 'cache_selected_only': 'False', 'warn_error': 'None', 'debug': 'False', 'profiles_dir': 'C:\\Users\\yamin\\.dbt', 'log_path': 'logs', 'version_check': 'True', 'fail_fast': 'False', 'use_colors': 'True', 'use_experimental_parser': 'False', 'empty': 'None', 'quiet': 'False', 'no_print': 'None', 'log_format': 'default', 'invocation_command': 'dbt init dbt_project', 'introspect': 'True', 'static_parser': 'True', 'target_path': 'None', 'warn_error_options': 'WarnErrorOptions(include=[], exclude=[])', 'send_anonymous_usage_stats': 'True'}
[0m01:13:46.993901 [debug] [MainThread]: Starter project path: C:\Users\yamin\AppData\Local\Programs\Python\Python312\Lib\site-packages\dbt\include\starter_project
[0m01:13:47.032903 [info ] [MainThread]: 
Your new dbt project "dbt_project" was created!

For more information on how to configure the profiles.yml file,
please consult the dbt documentation here:

  https://docs.getdbt.com/docs/configure-your-profile

One more thing:

Need help? Don't hesitate to reach out to us via GitHub issues or on Slack:

  https://community.getdbt.com/

Happy modeling!

[0m01:13:47.034904 [info ] [MainThread]: Setting up your profile.
[0m01:15:30.572894 [info ] [MainThread]: Profile dbt_project written to C:\Users\yamin\.dbt\profiles.yml using target's profile_template.yml and your supplied values. Run 'dbt debug' to validate the connection.
[0m01:15:30.574889 [debug] [MainThread]: Command `dbt init` succeeded at 01:15:30.574889 after 104.06 seconds
[0m01:15:30.575889 [debug] [MainThread]: Sending event: {'category': 'dbt', 'action': 'invocation', 'label': 'end', 'context': [<snowplow_tracker.self_describing_json.SelfDescribingJson object at 0x000001D2599F8350>, <snowplow_tracker.self_describing_json.SelfDescribingJson object at 0x000001D25B2DC410>, <snowplow_tracker.self_describing_json.SelfDescribingJson object at 0x000001D259AE1730>]}
[0m01:15:30.576889 [debug] [MainThread]: An error was encountered while trying to send an event
[0m01:15:30.576889 [debug] [MainThread]: Flushing usage events
